<?xml version="1.0" encoding="UTF-8"?>
<!-- Generated by org.testng.reporters.JUnitXMLReporter -->
<testsuite hostname="CL-NB-650" ignored="2" name="Test" tests="4" failures="0" timestamp="10 jun 2021 23:32:50 GMT" time="31.169" errors="0">
  <testcase name="CP001_ProcesoRetomaContratacion_usuarioBloqueado" time="15.977" classname="clase5.EjemploSelenium_clase5"/>
  <testcase name="CP002_Algo" time="5.457" classname="clase5.EjemploSelenium_clase5"/>
  <testcase name="CP003_Algo" time="4.734" classname="clase5.EjemploSelenium_clase5"/>
  <testcase name="f" time="0.001" classname="clase5.EjemploSeleniumTestngClass"/>
  <testcase name="CP004_Algo" time="0.0" classname="clase5.EjemploSelenium_clase5">
    <ignored/>
  </testcase> <!-- CP004_Algo -->
  <testcase name="CP005_Algo" time="0.0" classname="clase5.EjemploSelenium_clase5">
    <ignored/>
  </testcase> <!-- CP005_Algo -->
</testsuite> <!-- Test -->
