<?xml version="1.0" encoding="UTF-8"?>
<testng-results skipped="0" failed="0" ignored="0" total="5" passed="5">
  <reporter-output>
  </reporter-output>
  <suite name="Default suite" duration-ms="31464" started-at="2021-06-10T23:56:30Z" finished-at="2021-06-10T23:57:02Z">
    <groups>
    </groups>
    <test name="Default test" duration-ms="31464" started-at="2021-06-10T23:56:30Z" finished-at="2021-06-10T23:57:02Z">
      <class name="clase5.EjemploSelenium_clase5">
        <test-method status="PASS" signature="preparacionPruebas()[pri:0, instance:clase5.EjemploSelenium_clase5@5e5792a0]" name="preparacionPruebas" is-config="true" duration-ms="2964" started-at="2021-06-10T23:56:30Z" finished-at="2021-06-10T23:56:33Z">
          <reporter-output>
          </reporter-output>
        </test-method> <!-- preparacionPruebas -->
        <test-method status="PASS" signature="CP001_ProcesoRetomaContratacion_usuarioBloqueado()[pri:0, instance:clase5.EjemploSelenium_clase5@5e5792a0]" name="CP001_ProcesoRetomaContratacion_usuarioBloqueado" duration-ms="13234" started-at="2021-06-10T23:56:33Z" finished-at="2021-06-10T23:56:46Z">
          <reporter-output>
          </reporter-output>
        </test-method> <!-- CP001_ProcesoRetomaContratacion_usuarioBloqueado -->
        <test-method status="PASS" signature="CP002_Algo()[pri:0, instance:clase5.EjemploSelenium_clase5@5e5792a0]" name="CP002_Algo" duration-ms="5462" started-at="2021-06-10T23:56:46Z" finished-at="2021-06-10T23:56:52Z">
          <reporter-output>
          </reporter-output>
        </test-method> <!-- CP002_Algo -->
        <test-method status="PASS" signature="CP003_Algo()[pri:0, instance:clase5.EjemploSelenium_clase5@5e5792a0]" name="CP003_Algo" duration-ms="4846" started-at="2021-06-10T23:56:52Z" finished-at="2021-06-10T23:56:57Z">
          <reporter-output>
          </reporter-output>
        </test-method> <!-- CP003_Algo -->
        <test-method status="PASS" signature="CP004_Algo()[pri:0, instance:clase5.EjemploSelenium_clase5@5e5792a0]" name="CP004_Algo" duration-ms="4715" started-at="2021-06-10T23:56:57Z" finished-at="2021-06-10T23:57:01Z">
          <reporter-output>
          </reporter-output>
        </test-method> <!-- CP004_Algo -->
        <test-method status="PASS" signature="CP005_Algo()[pri:0, instance:clase5.EjemploSelenium_clase5@5e5792a0]" name="CP005_Algo" duration-ms="0" started-at="2021-06-10T23:57:01Z" finished-at="2021-06-10T23:57:01Z">
          <reporter-output>
          </reporter-output>
        </test-method> <!-- CP005_Algo -->
        <test-method status="PASS" signature="finPrueba()[pri:0, instance:clase5.EjemploSelenium_clase5@5e5792a0]" name="finPrueba" is-config="true" duration-ms="217" started-at="2021-06-10T23:57:01Z" finished-at="2021-06-10T23:57:02Z">
          <reporter-output>
          </reporter-output>
        </test-method> <!-- finPrueba -->
      </class> <!-- clase5.EjemploSelenium_clase5 -->
    </test> <!-- Default test -->
  </suite> <!-- Default suite -->
</testng-results>
