<?xml version="1.0" encoding="UTF-8"?>
<testng-results skipped="0" failed="0" ignored="0" total="2" passed="2">
  <reporter-output>
  </reporter-output>
  <suite name="Suite curso Automatización" duration-ms="26367" started-at="2021-06-24T22:44:41Z" finished-at="2021-06-24T22:45:07Z">
    <groups>
    </groups>
    <test name="Pruebas regresión" duration-ms="26367" started-at="2021-06-24T22:44:41Z" finished-at="2021-06-24T22:45:07Z">
      <class name="tests.Tests">
        <test-method status="PASS" signature="before()[pri:0, instance:tests.Tests@3e6fa38a]" name="before" is-config="true" duration-ms="2922" started-at="2021-06-24T22:44:41Z" finished-at="2021-06-24T22:44:44Z">
          <reporter-output>
          </reporter-output>
        </test-method> <!-- before -->
        <test-method status="PASS" signature="prepararSitio()[pri:0, instance:tests.Tests@3e6fa38a]" name="prepararSitio" is-config="true" duration-ms="4618" started-at="2021-06-24T22:44:44Z" finished-at="2021-06-24T22:44:48Z">
          <reporter-output>
          </reporter-output>
        </test-method> <!-- prepararSitio -->
        <test-method status="PASS" signature="CP001_retomaFormularioContratacion_ctaBloqueada()[pri:0, instance:tests.Tests@3e6fa38a]" name="CP001_retomaFormularioContratacion_ctaBloqueada" duration-ms="11852" started-at="2021-06-24T22:44:48Z" finished-at="2021-06-24T22:45:00Z">
          <reporter-output>
          </reporter-output>
        </test-method> <!-- CP001_retomaFormularioContratacion_ctaBloqueada -->
        <test-method status="PASS" signature="prepararSitio()[pri:0, instance:tests.Tests@3e6fa38a]" name="prepararSitio" is-config="true" duration-ms="1222" started-at="2021-06-24T22:45:00Z" finished-at="2021-06-24T22:45:01Z">
          <reporter-output>
          </reporter-output>
        </test-method> <!-- prepararSitio -->
        <test-method status="PASS" signature="CP002_errorLogin_usuarioInvalido()[pri:0, instance:tests.Tests@3e6fa38a]" name="CP002_errorLogin_usuarioInvalido" duration-ms="5735" started-at="2021-06-24T22:45:01Z" finished-at="2021-06-24T22:45:07Z">
          <reporter-output>
          </reporter-output>
        </test-method> <!-- CP002_errorLogin_usuarioInvalido -->
        <test-method status="PASS" signature="after()[pri:0, instance:tests.Tests@3e6fa38a]" name="after" is-config="true" duration-ms="0" started-at="2021-06-24T22:45:07Z" finished-at="2021-06-24T22:45:07Z">
          <reporter-output>
          </reporter-output>
        </test-method> <!-- after -->
      </class> <!-- tests.Tests -->
    </test> <!-- Pruebas regresión -->
  </suite> <!-- Suite curso Automatización -->
</testng-results>
