<?xml version="1.0" encoding="UTF-8"?>
<!-- Generated by org.testng.reporters.JUnitXMLReporter -->
<testsuite hostname="CL-NB-650" ignored="0" name="Default test" tests="5" failures="0" timestamp="10 jun 2021 23:57:02 GMT" time="31.464" errors="0">
  <testcase name="CP001_ProcesoRetomaContratacion_usuarioBloqueado" time="13.234" classname="clase5.EjemploSelenium_clase5"/>
  <testcase name="CP002_Algo" time="5.462" classname="clase5.EjemploSelenium_clase5"/>
  <testcase name="CP003_Algo" time="4.846" classname="clase5.EjemploSelenium_clase5"/>
  <testcase name="CP004_Algo" time="4.715" classname="clase5.EjemploSelenium_clase5"/>
  <testcase name="CP005_Algo" time="0.0" classname="clase5.EjemploSelenium_clase5"/>
</testsuite> <!-- Default test -->
